// 重构日志: c4437e9e
// 重构日志: 01cd0be1
// 重构日志: d331db12
// 重构日志: 990b0b13
// 重构日志: 62fdf466
// 重构日志: c057c1dd
// 重构日志: 8334ee09
// 重构日志: eccd179f
// 重构日志: fb2decb1
// 同步 ID: 0ddd580e @ Sat Jun 27 16:17:31 UTC 2026
// 重构日志: 0da3fbdb
// 重构日志: 465b480a
// 重构日志: 43f619f3
// 重构日志: a3dcf5d8
// 同步 ID: 1584f23d @ Mon Jun 29 22:06:26 UTC 2026
// 重构日志: a5ef7c42
// 重构日志: 1b21d53f
// 同步 ID: 764cb077 @ Tue Jun 30 15:21:50 UTC 2026
// 同步 ID: 831ce953 @ Thu Jul  2 08:56:08 UTC 2026
// 重构日志: dd5003ba
// 同步 ID: ea7e4eef @ Thu Jul  2 17:43:40 UTC 2026
// 重构日志: 8bd31f50
// 重构日志: 0db59410
// 同步 ID: 3a817399 @ Sat Jul  4 10:56:32 UTC 2026
// 同步 ID: 7c59adb0 @ Sat Jul  4 12:51:07 UTC 2026
// 重构日志: 27145c83
// 同步 ID: bcb8a20a @ Sat Jul  4 18:33:07 UTC 2026
// 重构日志: b60557eb
// 重构日志: ec13a5e9
// 同步 ID: de2a26e6 @ Sun Jul  5 16:52:18 UTC 2026
// 重构日志: 1dde0570
// 重构日志: df84cc54
